<?xml version="1.0" encoding="UTF-8"?>
<!-- Generated by org.testng.reporters.JUnitReportReporter -->
<testsuite skipped="0" hostname="Kroshdy-LT-9852" name="com.backbase.computerbase.tests.FilterByComputerNameTests" tests="1" failures="0" timestamp="03 Apr 2018 00:50:33 GMT" time="8.146" errors="0">
  <testcase name="ShouldFilterByComputerNameThatHasNoMatches" time="8.146" classname="com.backbase.computerbase.tests.FilterByComputerNameTests"/>
</testsuite> <!-- com.backbase.computerbase.tests.FilterByComputerNameTests -->
