<?xml version="1.0" encoding="UTF-8"?>
<!-- Generated by org.testng.reporters.JUnitReportReporter -->
<testsuite skipped="0" hostname="Kroshdy-LT-9852" name="com.backbase.computerbase.tests.AddNewComputerTests" tests="1" failures="0" timestamp="03 Apr 2018 01:36:57 GMT" time="5.387" errors="0">
  <testcase name="ShouldNotAddComputerWithNoName" time="5.387" classname="com.backbase.computerbase.tests.AddNewComputerTests"/>
</testsuite> <!-- com.backbase.computerbase.tests.AddNewComputerTests -->
