<?xml version="1.0" encoding="UTF-8"?>
<!-- Generated by org.testng.reporters.JUnitReportReporter -->
<testsuite skipped="0" hostname="Kroshdy-LT-9852" name="com.backbase.computerbase.tests.EditComputerTests" tests="1" failures="0" timestamp="03 Apr 2018 02:06:12 GMT" time="5.447" errors="0">
  <testcase name="ShouldNotEditComputerWithoutName" time="5.447" classname="com.backbase.computerbase.tests.EditComputerTests"/>
</testsuite> <!-- com.backbase.computerbase.tests.EditComputerTests -->
